<?xml version="1.0" encoding="UTF-8"?>
<coverage generated="1684960269703" clover="3.2.0">
  <project timestamp="1684960269703" name="All files">
    <metrics statements="12" coveredstatements="12" conditionals="4" coveredconditionals="4" methods="4" coveredmethods="4" elements="20" coveredelements="20" complexity="0" loc="12" ncloc="12" packages="2" files="3" classes="3"/>
    <package name="src">
      <metrics statements="5" coveredstatements="5" conditionals="0" coveredconditionals="0" methods="1" coveredmethods="1"/>
      <file name="math.js" path="C:\Users\313381\OneDrive - Xcel Energy Services Inc\GitHub\js-testing-practical\code\basic-testing-frontend\src\math.js">
        <metrics statements="5" coveredstatements="5" conditionals="0" coveredconditionals="0" methods="1" coveredmethods="1"/>
        <line num="2" count="6" type="stmt"/>
        <line num="4" count="6" type="stmt"/>
        <line num="5" count="10" type="stmt"/>
        <line num="7" count="4" type="stmt"/>
        <line num="9" count="1" type="stmt"/>
      </file>
    </package>
    <package name="src.util">
      <metrics statements="7" coveredstatements="7" conditionals="4" coveredconditionals="4" methods="3" coveredmethods="3"/>
      <file name="numbers.js" path="C:\Users\313381\OneDrive - Xcel Energy Services Inc\GitHub\js-testing-practical\code\basic-testing-frontend\src\util\numbers.js">
        <metrics statements="2" coveredstatements="2" conditionals="0" coveredconditionals="0" methods="1" coveredmethods="1"/>
        <line num="2" count="2" type="stmt"/>
        <line num="5" count="1" type="stmt"/>
      </file>
      <file name="validation.js" path="C:\Users\313381\OneDrive - Xcel Energy Services Inc\GitHub\js-testing-practical\code\basic-testing-frontend\src\util\validation.js">
        <metrics statements="5" coveredstatements="5" conditionals="4" coveredconditionals="4" methods="2" coveredmethods="2"/>
        <line num="2" count="3" type="cond" truecount="2" falsecount="0"/>
        <line num="3" count="2" type="stmt"/>
        <line num="8" count="3" type="cond" truecount="2" falsecount="0"/>
        <line num="9" count="1" type="stmt"/>
        <line num="13" count="1" type="stmt"/>
      </file>
    </package>
  </project>
</coverage>
