{"C:\\Users\\313381\\OneDrive - Xcel Energy Services Inc\\GitHub\\js-testing-practical\\code\\basic-testing-frontend\\src\\math.js": {"path":"C:\\Users\\313381\\OneDrive - Xcel Energy Services Inc\\GitHub\\js-testing-practical\\code\\basic-testing-frontend\\src\\math.js","statementMap":{"0":{"start":{"line":2,"column":12},"end":{"line":2,"column":13}},"1":{"start":{"line":4,"column":2},"end":{"line":6,"column":3}},"2":{"start":{"line":5,"column":4},"end":{"line":5,"column":19}},"3":{"start":{"line":7,"column":2},"end":{"line":7,"column":13}},"4":{"start":{"line":9,"column":0},"end":{"line":9,"column":23}}},"fnMap":{"0":{"name":"add","decl":{"start":{"line":1,"column":9},"end":{"line":1,"column":12}},"loc":{"start":{"line":1,"column":22},"end":{"line":8,"column":1}},"line":1}},"branchMap":{},"s":{"0":6,"1":6,"2":10,"3":4,"4":1},"f":{"0":6},"b":{},"_coverageSchema":"1a1c01bbd47fc00a2c39e90264f33305004495a9","hash":"1aad9fb84162ea33fb330a5873b0427a5e3b797f"}
,"C:\\Users\\313381\\OneDrive - Xcel Energy Services Inc\\GitHub\\js-testing-practical\\code\\basic-testing-frontend\\src\\util\\numbers.js": {"path":"C:\\Users\\313381\\OneDrive - Xcel Energy Services Inc\\GitHub\\js-testing-practical\\code\\basic-testing-frontend\\src\\util\\numbers.js","statementMap":{"0":{"start":{"line":2,"column":2},"end":{"line":2,"column":16}},"1":{"start":{"line":5,"column":0},"end":{"line":5,"column":37}}},"fnMap":{"0":{"name":"transformToNumber","decl":{"start":{"line":1,"column":9},"end":{"line":1,"column":26}},"loc":{"start":{"line":1,"column":34},"end":{"line":3,"column":1}},"line":1}},"branchMap":{},"s":{"0":2,"1":1},"f":{"0":2},"b":{},"_coverageSchema":"1a1c01bbd47fc00a2c39e90264f33305004495a9","hash":"2c42e7b21557e2993acea2e4c3dcd65281e935a8"}
}
