TN:
SF:code\basic-testing-frontend\src\math.js
FN:1,add
FNF:1
FNH:1
FNDA:6,add
DA:2,6
DA:4,6
DA:5,10
DA:7,4
DA:9,1
LF:5
LH:5
BRF:0
BRH:0
end_of_record
TN:
SF:code\basic-testing-frontend\src\util\numbers.js
FN:1,transformToNumber
FNF:1
FNH:1
FNDA:2,transformToNumber
DA:2,2
DA:5,1
LF:2
LH:2
BRF:0
BRH:0
end_of_record
TN:
SF:code\basic-testing-frontend\src\util\validation.js
FN:1,validateStringNotEmpty
FN:7,validateNumber
FNF:2
FNH:2
FNDA:3,validateStringNotEmpty
FNDA:3,validateNumber
DA:2,3
DA:3,2
DA:8,3
DA:9,1
DA:13,1
LF:5
LH:5
BRDA:2,0,0,2
BRDA:2,0,1,1
BRDA:8,1,0,1
BRDA:8,1,1,2
BRF:4
BRH:4
end_of_record
